<?xml version="1.0" encoding="UTF-8"?>
<testng-results skipped="0" failed="1" ignored="0" total="21" passed="20">
  <reporter-output>
  </reporter-output>
  <suite name="com.webtoons.test" duration-ms="273471" started-at="2019-02-11T09:36:17Z" finished-at="2019-02-11T09:40:50Z">
    <groups>
    </groups>
    <test name="testngTest" duration-ms="273471" started-at="2019-02-11T09:36:17Z" finished-at="2019-02-11T09:40:50Z">
      <class name="com.webtoons.test.PopularByGenre">
        <test-method status="PASS" signature="mod1_titleCheck()[pri:0, instance:com.webtoons.test.PopularByGenre@7823a2f9]" name="mod1_titleCheck" duration-ms="131" started-at="2019-02-11T09:37:17Z" finished-at="2019-02-11T09:37:17Z">
          <reporter-output>
          </reporter-output>
        </test-method> <!-- mod1_titleCheck -->
        <test-method status="PASS" signature="mod2_titleGenreColorCheck()[pri:0, instance:com.webtoons.test.PopularByGenre@7823a2f9]" name="mod2_titleGenreColorCheck" duration-ms="1304" started-at="2019-02-11T09:37:17Z" finished-at="2019-02-11T09:37:18Z">
          <reporter-output>
          </reporter-output>
        </test-method> <!-- mod2_titleGenreColorCheck -->
        <test-method status="PASS" signature="mod3_detailsCheck()[pri:0, instance:com.webtoons.test.PopularByGenre@7823a2f9]" name="mod3_detailsCheck" duration-ms="105735" started-at="2019-02-11T09:37:18Z" finished-at="2019-02-11T09:39:04Z">
          <reporter-output>
          </reporter-output>
        </test-method> <!-- mod3_detailsCheck -->
      </class> <!-- com.webtoons.test.PopularByGenre -->
      <class name="com.webtoons.test.Main">
        <test-method status="PASS" signature="setUp()[pri:0, instance:com.webtoons.test.Main@675d3402]" name="setUp" is-config="true" duration-ms="13013" started-at="2019-02-11T09:36:17Z" finished-at="2019-02-11T09:36:30Z">
          <reporter-output>
          </reporter-output>
        </test-method> <!-- setUp -->
        <test-method status="PASS" signature="mod01_Login()[pri:0, instance:com.webtoons.test.Main@675d3402]" name="mod01_Login" duration-ms="5152" started-at="2019-02-11T09:36:30Z" finished-at="2019-02-11T09:36:35Z">
          <reporter-output>
          </reporter-output>
        </test-method> <!-- mod01_Login -->
        <test-method status="PASS" signature="mod02_goDiscover()[pri:0, instance:com.webtoons.test.Main@675d3402]" name="mod02_goDiscover" duration-ms="2495" started-at="2019-02-11T09:36:35Z" finished-at="2019-02-11T09:36:38Z">
          <reporter-output>
          </reporter-output>
        </test-method> <!-- mod02_goDiscover -->
      </class> <!-- com.webtoons.test.Main -->
      <class name="com.webtoons.test.ByRatingPanel">
        <test-method status="PASS" signature="mod1_byRatingsPanelCheck()[pri:0, instance:com.webtoons.test.ByRatingPanel@5c7fa833]" name="mod1_byRatingsPanelCheck" duration-ms="33034" started-at="2019-02-11T09:40:16Z" finished-at="2019-02-11T09:40:49Z">
          <reporter-output>
          </reporter-output>
        </test-method> <!-- mod1_byRatingsPanelCheck -->
      </class> <!-- com.webtoons.test.ByRatingPanel -->
      <class name="com.webtoons.test.TestingFinish">
        <test-method status="PASS" signature="finish()[pri:0, instance:com.webtoons.test.TestingFinish@39aeed2f]" name="finish" duration-ms="298" started-at="2019-02-11T09:40:49Z" finished-at="2019-02-11T09:40:50Z">
          <reporter-output>
          </reporter-output>
        </test-method> <!-- finish -->
        <test-method status="PASS" signature="tearDown()[pri:0, instance:com.webtoons.test.TestingFinish@39aeed2f]" name="tearDown" is-config="true" duration-ms="733" started-at="2019-02-11T09:40:50Z" finished-at="2019-02-11T09:40:50Z">
          <reporter-output>
          </reporter-output>
        </test-method> <!-- tearDown -->
      </class> <!-- com.webtoons.test.TestingFinish -->
      <class name="com.webtoons.test.UpsideModules">
        <test-method status="PASS" signature="mod1_upsideWordsCheck()[pri:0, instance:com.webtoons.test.UpsideModules@51565ec2]" name="mod1_upsideWordsCheck" duration-ms="1937" started-at="2019-02-11T09:36:38Z" finished-at="2019-02-11T09:36:40Z">
          <reporter-output>
          </reporter-output>
        </test-method> <!-- mod1_upsideWordsCheck -->
        <test-method status="PASS" signature="mod2_upsideWordsClick()[pri:0, instance:com.webtoons.test.UpsideModules@51565ec2]" name="mod2_upsideWordsClick" duration-ms="10103" started-at="2019-02-11T09:36:40Z" finished-at="2019-02-11T09:36:50Z">
          <reporter-output>
          </reporter-output>
        </test-method> <!-- mod2_upsideWordsClick -->
        <test-method status="PASS" signature="mod3_upsideBackToHome()[pri:0, instance:com.webtoons.test.UpsideModules@51565ec2]" name="mod3_upsideBackToHome" duration-ms="1448" started-at="2019-02-11T09:36:50Z" finished-at="2019-02-11T09:36:51Z">
          <reporter-output>
          </reporter-output>
        </test-method> <!-- mod3_upsideBackToHome -->
      </class> <!-- com.webtoons.test.UpsideModules -->
      <class name="com.webtoons.test.UpsideModulesSub">
        <test-method status="PASS" signature="mod1_othersStartEventCheck()[pri:0, instance:com.webtoons.test.UpsideModulesSub@482f8f11]" name="mod1_othersStartEventCheck" duration-ms="343" started-at="2019-02-11T09:36:51Z" finished-at="2019-02-11T09:36:51Z">
          <reporter-output>
          </reporter-output>
        </test-method> <!-- mod1_othersStartEventCheck -->
        <test-method status="PASS" signature="mod2_othersOptionEventCheck()[pri:0, instance:com.webtoons.test.UpsideModulesSub@482f8f11]" name="mod2_othersOptionEventCheck" duration-ms="2833" started-at="2019-02-11T09:36:51Z" finished-at="2019-02-11T09:36:54Z">
          <reporter-output>
          </reporter-output>
        </test-method> <!-- mod2_othersOptionEventCheck -->
        <test-method status="PASS" signature="mod3_othersBackToHome()[pri:0, instance:com.webtoons.test.UpsideModulesSub@482f8f11]" name="mod3_othersBackToHome" duration-ms="3387" started-at="2019-02-11T09:36:54Z" finished-at="2019-02-11T09:36:58Z">
          <reporter-output>
          </reporter-output>
        </test-method> <!-- mod3_othersBackToHome -->
      </class> <!-- com.webtoons.test.UpsideModulesSub -->
      <class name="com.webtoons.test.OtherPageTest">
        <test-method status="PASS" signature="mod1_detailInfoCheck()[pri:0, instance:com.webtoons.test.OtherPageTest@4cc0edeb]" name="mod1_detailInfoCheck" duration-ms="21932" started-at="2019-02-11T09:39:04Z" finished-at="2019-02-11T09:39:26Z">
          <reporter-output>
          </reporter-output>
        </test-method> <!-- mod1_detailInfoCheck -->
        <test-method status="PASS" signature="mod2_subNumPageConvertCheck()[pri:0, instance:com.webtoons.test.OtherPageTest@4cc0edeb]" name="mod2_subNumPageConvertCheck" duration-ms="11011" started-at="2019-02-11T09:39:26Z" finished-at="2019-02-11T09:39:37Z">
          <reporter-output>
          </reporter-output>
        </test-method> <!-- mod2_subNumPageConvertCheck -->
      </class> <!-- com.webtoons.test.OtherPageTest -->
      <class name="com.webtoons.test.RecommendModules">
        <test-method status="PASS" signature="mod1_homeHighLightCheck()[pri:0, instance:com.webtoons.test.RecommendModules@1593948d]" name="mod1_homeHighLightCheck" duration-ms="1639" started-at="2019-02-11T09:36:58Z" finished-at="2019-02-11T09:36:59Z">
          <reporter-output>
          </reporter-output>
        </test-method> <!-- mod1_homeHighLightCheck -->
        <test-method status="PASS" signature="mod2_recommendTitleCheck()[pri:0, instance:com.webtoons.test.RecommendModules@1593948d]" name="mod2_recommendTitleCheck" duration-ms="85" started-at="2019-02-11T09:36:59Z" finished-at="2019-02-11T09:36:59Z">
          <reporter-output>
          </reporter-output>
        </test-method> <!-- mod2_recommendTitleCheck -->
      </class> <!-- com.webtoons.test.RecommendModules -->
      <class name="com.webtoons.test.ByGenrePanel">
        <test-method status="PASS" signature="mod1_byGenrePanelCheck()[pri:0, instance:com.webtoons.test.ByGenrePanel@457e2f02]" name="mod1_byGenrePanelCheck" duration-ms="32452" started-at="2019-02-11T09:39:37Z" finished-at="2019-02-11T09:40:09Z">
          <reporter-output>
          </reporter-output>
        </test-method> <!-- mod1_byGenrePanelCheck -->
        <test-method status="FAIL" signature="mod2_genreMatchCheck()[pri:0, instance:com.webtoons.test.ByGenrePanel@457e2f02]" name="mod2_genreMatchCheck" duration-ms="7209" started-at="2019-02-11T09:40:09Z" finished-at="2019-02-11T09:40:16Z">
          <exception class="org.openqa.selenium.StaleElementReferenceException">
            <message>
              <![CDATA[stale element reference: element is not attached to the page document
  (Session info: chrome=71.0.3578.98)
  (Driver info: chromedriver=2.45.615291 (ec3682e3c9061c10f26ea9e5cdcf3c53f3f74387),platform=Windows NT 10.0.17134 x86_64) (WARNING: The server did not provide any stacktrace information)
Command duration or timeout: 0 milliseconds
For documentation on this error, please visit: https://www.seleniumhq.org/exceptions/stale_element_reference.html
Build info: version: '3.141.59', revision: 'e82be7d358', time: '2018-11-14T08:25:53'
System info: host: 'AL01121234', ip: '10.12.52.76', os.name: 'Windows 10', os.arch: 'amd64', os.version: '10.0', java.version: '1.8.0_191'
Driver info: org.openqa.selenium.chrome.ChromeDriver
Capabilities {acceptInsecureCerts: false, acceptSslCerts: false, applicationCacheEnabled: false, browserConnectionEnabled: false, browserName: chrome, chrome: {chromedriverVersion: 2.45.615291 (ec3682e3c9061c..., userDataDir: C:\Users\USER\AppData\Local...}, cssSelectorsEnabled: true, databaseEnabled: false, goog:chromeOptions: {debuggerAddress: localhost:52852}, handlesAlerts: true, hasTouchScreen: false, javascriptEnabled: true, locationContextEnabled: true, mobileEmulationEnabled: false, nativeEvents: true, networkConnectionEnabled: false, pageLoadStrategy: normal, platform: XP, platformName: XP, proxy: Proxy(), rotatable: false, setWindowRect: true, strictFileInteractability: false, takesHeapSnapshot: true, takesScreenshot: true, timeouts: {implicit: 0, pageLoad: 300000, script: 30000}, unexpectedAlertBehaviour: ignore, unhandledPromptBehavior: ignore, version: 71.0.3578.98, webStorageEnabled: true}
Session ID: 1350d2a2e36bf779c9883b4cd3325563]]>
            </message>
            <full-stacktrace>
              <![CDATA[org.openqa.selenium.StaleElementReferenceException: stale element reference: element is not attached to the page document
  (Session info: chrome=71.0.3578.98)
  (Driver info: chromedriver=2.45.615291 (ec3682e3c9061c10f26ea9e5cdcf3c53f3f74387),platform=Windows NT 10.0.17134 x86_64) (WARNING: The server did not provide any stacktrace information)
Command duration or timeout: 0 milliseconds
For documentation on this error, please visit: https://www.seleniumhq.org/exceptions/stale_element_reference.html
Build info: version: '3.141.59', revision: 'e82be7d358', time: '2018-11-14T08:25:53'
System info: host: 'AL01121234', ip: '10.12.52.76', os.name: 'Windows 10', os.arch: 'amd64', os.version: '10.0', java.version: '1.8.0_191'
Driver info: org.openqa.selenium.chrome.ChromeDriver
Capabilities {acceptInsecureCerts: false, acceptSslCerts: false, applicationCacheEnabled: false, browserConnectionEnabled: false, browserName: chrome, chrome: {chromedriverVersion: 2.45.615291 (ec3682e3c9061c..., userDataDir: C:\Users\USER\AppData\Local...}, cssSelectorsEnabled: true, databaseEnabled: false, goog:chromeOptions: {debuggerAddress: localhost:52852}, handlesAlerts: true, hasTouchScreen: false, javascriptEnabled: true, locationContextEnabled: true, mobileEmulationEnabled: false, nativeEvents: true, networkConnectionEnabled: false, pageLoadStrategy: normal, platform: XP, platformName: XP, proxy: Proxy(), rotatable: false, setWindowRect: true, strictFileInteractability: false, takesHeapSnapshot: true, takesScreenshot: true, timeouts: {implicit: 0, pageLoad: 300000, script: 30000}, unexpectedAlertBehaviour: ignore, unhandledPromptBehavior: ignore, version: 71.0.3578.98, webStorageEnabled: true}
Session ID: 1350d2a2e36bf779c9883b4cd3325563
at sun.reflect.NativeConstructorAccessorImpl.newInstance0(Native Method)
at sun.reflect.NativeConstructorAccessorImpl.newInstance(Unknown Source)
at sun.reflect.DelegatingConstructorAccessorImpl.newInstance(Unknown Source)
at java.lang.reflect.Constructor.newInstance(Unknown Source)
at org.openqa.selenium.remote.ErrorHandler.createThrowable(ErrorHandler.java:214)
at org.openqa.selenium.remote.ErrorHandler.throwIfResponseFailed(ErrorHandler.java:166)
at org.openqa.selenium.remote.http.JsonHttpResponseCodec.reconstructValue(JsonHttpResponseCodec.java:40)
at org.openqa.selenium.remote.http.AbstractHttpResponseCodec.decode(AbstractHttpResponseCodec.java:80)
at org.openqa.selenium.remote.http.AbstractHttpResponseCodec.decode(AbstractHttpResponseCodec.java:44)
at org.openqa.selenium.remote.HttpCommandExecutor.execute(HttpCommandExecutor.java:158)
at org.openqa.selenium.remote.service.DriverCommandExecutor.execute(DriverCommandExecutor.java:83)
at org.openqa.selenium.remote.RemoteWebDriver.execute(RemoteWebDriver.java:552)
at org.openqa.selenium.remote.RemoteWebElement.execute(RemoteWebElement.java:285)
at org.openqa.selenium.remote.RemoteWebElement.isDisplayed(RemoteWebElement.java:326)
at com.webtoons.test.ByGenrePanel.mod2_genreMatchCheck(ByGenrePanel.java:115)
at sun.reflect.NativeMethodAccessorImpl.invoke0(Native Method)
at sun.reflect.NativeMethodAccessorImpl.invoke(Unknown Source)
at sun.reflect.DelegatingMethodAccessorImpl.invoke(Unknown Source)
at java.lang.reflect.Method.invoke(Unknown Source)
at org.testng.internal.MethodInvocationHelper.invokeMethod(MethodInvocationHelper.java:124)
at org.testng.internal.Invoker.invokeMethod(Invoker.java:583)
at org.testng.internal.Invoker.invokeTestMethod(Invoker.java:719)
at org.testng.internal.Invoker.invokeTestMethods(Invoker.java:989)
at org.testng.internal.TestMethodWorker.invokeTestMethods(TestMethodWorker.java:125)
at org.testng.internal.TestMethodWorker.run(TestMethodWorker.java:109)
at org.testng.TestRunner.privateRun(TestRunner.java:648)
at org.testng.TestRunner.run(TestRunner.java:505)
at org.testng.SuiteRunner.runTest(SuiteRunner.java:455)
at org.testng.SuiteRunner.runSequentially(SuiteRunner.java:450)
at org.testng.SuiteRunner.privateRun(SuiteRunner.java:415)
at org.testng.SuiteRunner.run(SuiteRunner.java:364)
at org.testng.SuiteRunnerWorker.runSuite(SuiteRunnerWorker.java:52)
at org.testng.SuiteRunnerWorker.run(SuiteRunnerWorker.java:84)
at org.testng.TestNG.runSuitesSequentially(TestNG.java:1208)
at org.testng.TestNG.runSuitesLocally(TestNG.java:1137)
at org.testng.TestNG.runSuites(TestNG.java:1049)
at org.testng.TestNG.run(TestNG.java:1017)
at org.testng.remote.AbstractRemoteTestNG.run(AbstractRemoteTestNG.java:114)
at org.testng.remote.RemoteTestNG.initAndRun(RemoteTestNG.java:251)
at org.testng.remote.RemoteTestNG.main(RemoteTestNG.java:77)
]]>
            </full-stacktrace>
          </exception> <!-- org.openqa.selenium.StaleElementReferenceException -->
          <reporter-output>
          </reporter-output>
        </test-method> <!-- mod2_genreMatchCheck -->
      </class> <!-- com.webtoons.test.ByGenrePanel -->
      <class name="com.webtoons.test.WeeklyHotModules">
        <test-method status="PASS" signature="mod1_titleCheck()[pri:0, instance:com.webtoons.test.WeeklyHotModules@1b604f19]" name="mod1_titleCheck" duration-ms="82" started-at="2019-02-11T09:36:59Z" finished-at="2019-02-11T09:36:59Z">
          <reporter-output>
          </reporter-output>
        </test-method> <!-- mod1_titleCheck -->
        <test-method status="PASS" signature="mod2_titleGenreChange()[pri:0, instance:com.webtoons.test.WeeklyHotModules@1b604f19]" name="mod2_titleGenreChange" duration-ms="17016" started-at="2019-02-11T09:36:59Z" finished-at="2019-02-11T09:37:16Z">
          <reporter-output>
          </reporter-output>
        </test-method> <!-- mod2_titleGenreChange -->
      </class> <!-- com.webtoons.test.WeeklyHotModules -->
    </test> <!-- testngTest -->
  </suite> <!-- com.webtoons.test -->
</testng-results>
