<?xml version="1.0" encoding="UTF-8"?>
<testng-results skipped="0" failed="1" ignored="0" total="8" passed="7">
  <reporter-output>
  </reporter-output>
  <suite name="Default suite" duration-ms="633959" started-at="2019-02-07T09:02:18Z" finished-at="2019-02-07T09:12:52Z">
    <groups>
    </groups>
    <test name="Default test" duration-ms="633959" started-at="2019-02-07T09:02:18Z" finished-at="2019-02-07T09:12:52Z">
      <class name="com.webtoons.test.Main">
        <test-method status="PASS" signature="setUp()[pri:0, instance:com.webtoons.test.Main@4f933fd1]" name="setUp" is-config="true" duration-ms="9226" started-at="2019-02-07T09:02:18Z" finished-at="2019-02-07T09:02:27Z">
          <reporter-output>
          </reporter-output>
        </test-method> <!-- setUp -->
        <test-method status="FAIL" signature="mod01_Login()[pri:0, instance:com.webtoons.test.Main@4f933fd1]" name="mod01_Login" duration-ms="11723" started-at="2019-02-07T09:02:27Z" finished-at="2019-02-07T09:02:39Z">
          <exception class="org.openqa.selenium.ElementNotVisibleException">
            <message>
              <![CDATA[element not interactable
  (Session info: chrome=71.0.3578.98)
  (Driver info: chromedriver=2.45.615291 (ec3682e3c9061c10f26ea9e5cdcf3c53f3f74387),platform=Windows NT 10.0.17134 x86_64) (WARNING: The server did not provide any stacktrace information)
Command duration or timeout: 0 milliseconds
Build info: version: '3.141.59', revision: 'e82be7d358', time: '2018-11-14T08:25:53'
System info: host: 'AL01121234', ip: '10.12.52.32', os.name: 'Windows 10', os.arch: 'amd64', os.version: '10.0', java.version: '1.8.0_191'
Driver info: org.openqa.selenium.chrome.ChromeDriver
Capabilities {acceptInsecureCerts: false, acceptSslCerts: false, applicationCacheEnabled: false, browserConnectionEnabled: false, browserName: chrome, chrome: {chromedriverVersion: 2.45.615291 (ec3682e3c9061c..., userDataDir: C:\Users\USER\AppData\Local...}, cssSelectorsEnabled: true, databaseEnabled: false, goog:chromeOptions: {debuggerAddress: localhost:50787}, handlesAlerts: true, hasTouchScreen: false, javascriptEnabled: true, locationContextEnabled: true, mobileEmulationEnabled: false, nativeEvents: true, networkConnectionEnabled: false, pageLoadStrategy: normal, platform: XP, platformName: XP, proxy: Proxy(), rotatable: false, setWindowRect: true, strictFileInteractability: false, takesHeapSnapshot: true, takesScreenshot: true, timeouts: {implicit: 0, pageLoad: 300000, script: 30000}, unexpectedAlertBehaviour: ignore, unhandledPromptBehavior: ignore, version: 71.0.3578.98, webStorageEnabled: true}
Session ID: a732f774924054e43f25585b11fb6775]]>
            </message>
            <full-stacktrace>
              <![CDATA[org.openqa.selenium.ElementNotVisibleException: element not interactable
  (Session info: chrome=71.0.3578.98)
  (Driver info: chromedriver=2.45.615291 (ec3682e3c9061c10f26ea9e5cdcf3c53f3f74387),platform=Windows NT 10.0.17134 x86_64) (WARNING: The server did not provide any stacktrace information)
Command duration or timeout: 0 milliseconds
Build info: version: '3.141.59', revision: 'e82be7d358', time: '2018-11-14T08:25:53'
System info: host: 'AL01121234', ip: '10.12.52.32', os.name: 'Windows 10', os.arch: 'amd64', os.version: '10.0', java.version: '1.8.0_191'
Driver info: org.openqa.selenium.chrome.ChromeDriver
Capabilities {acceptInsecureCerts: false, acceptSslCerts: false, applicationCacheEnabled: false, browserConnectionEnabled: false, browserName: chrome, chrome: {chromedriverVersion: 2.45.615291 (ec3682e3c9061c..., userDataDir: C:\Users\USER\AppData\Local...}, cssSelectorsEnabled: true, databaseEnabled: false, goog:chromeOptions: {debuggerAddress: localhost:50787}, handlesAlerts: true, hasTouchScreen: false, javascriptEnabled: true, locationContextEnabled: true, mobileEmulationEnabled: false, nativeEvents: true, networkConnectionEnabled: false, pageLoadStrategy: normal, platform: XP, platformName: XP, proxy: Proxy(), rotatable: false, setWindowRect: true, strictFileInteractability: false, takesHeapSnapshot: true, takesScreenshot: true, timeouts: {implicit: 0, pageLoad: 300000, script: 30000}, unexpectedAlertBehaviour: ignore, unhandledPromptBehavior: ignore, version: 71.0.3578.98, webStorageEnabled: true}
Session ID: a732f774924054e43f25585b11fb6775
at sun.reflect.NativeConstructorAccessorImpl.newInstance0(Native Method)
at sun.reflect.NativeConstructorAccessorImpl.newInstance(Unknown Source)
at sun.reflect.DelegatingConstructorAccessorImpl.newInstance(Unknown Source)
at java.lang.reflect.Constructor.newInstance(Unknown Source)
at org.openqa.selenium.remote.ErrorHandler.createThrowable(ErrorHandler.java:214)
at org.openqa.selenium.remote.ErrorHandler.throwIfResponseFailed(ErrorHandler.java:166)
at org.openqa.selenium.remote.http.JsonHttpResponseCodec.reconstructValue(JsonHttpResponseCodec.java:40)
at org.openqa.selenium.remote.http.AbstractHttpResponseCodec.decode(AbstractHttpResponseCodec.java:80)
at org.openqa.selenium.remote.http.AbstractHttpResponseCodec.decode(AbstractHttpResponseCodec.java:44)
at org.openqa.selenium.remote.HttpCommandExecutor.execute(HttpCommandExecutor.java:158)
at org.openqa.selenium.remote.service.DriverCommandExecutor.execute(DriverCommandExecutor.java:83)
at org.openqa.selenium.remote.RemoteWebDriver.execute(RemoteWebDriver.java:552)
at org.openqa.selenium.remote.RemoteWebElement.execute(RemoteWebElement.java:285)
at org.openqa.selenium.remote.RemoteWebElement.sendKeys(RemoteWebElement.java:106)
at com.webtoons.test.Main.mod01_Login(Main.java:36)
at sun.reflect.NativeMethodAccessorImpl.invoke0(Native Method)
at sun.reflect.NativeMethodAccessorImpl.invoke(Unknown Source)
at sun.reflect.DelegatingMethodAccessorImpl.invoke(Unknown Source)
at java.lang.reflect.Method.invoke(Unknown Source)
at org.testng.internal.MethodInvocationHelper.invokeMethod(MethodInvocationHelper.java:124)
at org.testng.internal.Invoker.invokeMethod(Invoker.java:583)
at org.testng.internal.Invoker.invokeTestMethod(Invoker.java:719)
at org.testng.internal.Invoker.invokeTestMethods(Invoker.java:989)
at org.testng.internal.TestMethodWorker.invokeTestMethods(TestMethodWorker.java:125)
at org.testng.internal.TestMethodWorker.run(TestMethodWorker.java:109)
at org.testng.TestRunner.privateRun(TestRunner.java:648)
at org.testng.TestRunner.run(TestRunner.java:505)
at org.testng.SuiteRunner.runTest(SuiteRunner.java:455)
at org.testng.SuiteRunner.runSequentially(SuiteRunner.java:450)
at org.testng.SuiteRunner.privateRun(SuiteRunner.java:415)
at org.testng.SuiteRunner.run(SuiteRunner.java:364)
at org.testng.SuiteRunnerWorker.runSuite(SuiteRunnerWorker.java:52)
at org.testng.SuiteRunnerWorker.run(SuiteRunnerWorker.java:84)
at org.testng.TestNG.runSuitesSequentially(TestNG.java:1208)
at org.testng.TestNG.runSuitesLocally(TestNG.java:1137)
at org.testng.TestNG.runSuites(TestNG.java:1049)
at org.testng.TestNG.run(TestNG.java:1017)
at org.testng.remote.AbstractRemoteTestNG.run(AbstractRemoteTestNG.java:114)
at org.testng.remote.RemoteTestNG.initAndRun(RemoteTestNG.java:251)
at org.testng.remote.RemoteTestNG.main(RemoteTestNG.java:77)
]]>
            </full-stacktrace>
          </exception> <!-- org.openqa.selenium.ElementNotVisibleException -->
          <reporter-output>
          </reporter-output>
        </test-method> <!-- mod01_Login -->
        <test-method status="PASS" signature="mod02_goDiscover()[pri:0, instance:com.webtoons.test.Main@4f933fd1]" name="mod02_goDiscover" duration-ms="2012" started-at="2019-02-07T09:02:39Z" finished-at="2019-02-07T09:02:41Z">
          <reporter-output>
          </reporter-output>
        </test-method> <!-- mod02_goDiscover -->
        <test-method status="PASS" signature="mod03_upsideModules()[pri:0, instance:com.webtoons.test.Main@4f933fd1]" name="mod03_upsideModules" duration-ms="18380" started-at="2019-02-07T09:02:41Z" finished-at="2019-02-07T09:02:59Z">
          <reporter-output>
          </reporter-output>
        </test-method> <!-- mod03_upsideModules -->
        <test-method status="PASS" signature="mod04_upsideModulesSub()[pri:0, instance:com.webtoons.test.Main@4f933fd1]" name="mod04_upsideModulesSub" duration-ms="4986" started-at="2019-02-07T09:02:59Z" finished-at="2019-02-07T09:03:04Z">
          <reporter-output>
          </reporter-output>
        </test-method> <!-- mod04_upsideModulesSub -->
        <test-method status="PASS" signature="mod05_recommendTitles()[pri:0, instance:com.webtoons.test.Main@4f933fd1]" name="mod05_recommendTitles" duration-ms="1181" started-at="2019-02-07T09:03:04Z" finished-at="2019-02-07T09:03:05Z">
          <reporter-output>
          </reporter-output>
        </test-method> <!-- mod05_recommendTitles -->
        <test-method status="PASS" signature="mod06_weeklyHotModules()[pri:0, instance:com.webtoons.test.Main@4f933fd1]" name="mod06_weeklyHotModules" duration-ms="14660" started-at="2019-02-07T09:03:05Z" finished-at="2019-02-07T09:03:20Z">
          <reporter-output>
          </reporter-output>
        </test-method> <!-- mod06_weeklyHotModules -->
        <test-method status="PASS" signature="mod07_popularByGenre()[pri:0, instance:com.webtoons.test.Main@4f933fd1]" name="mod07_popularByGenre" duration-ms="92553" started-at="2019-02-07T09:03:20Z" finished-at="2019-02-07T09:04:53Z">
          <reporter-output>
          </reporter-output>
        </test-method> <!-- mod07_popularByGenre -->
        <test-method status="PASS" signature="mod08_otherPageTest()[pri:0, instance:com.webtoons.test.Main@4f933fd1]" name="mod08_otherPageTest" duration-ms="478079" started-at="2019-02-07T09:04:53Z" finished-at="2019-02-07T09:12:51Z">
          <reporter-output>
          </reporter-output>
        </test-method> <!-- mod08_otherPageTest -->
        <test-method status="PASS" signature="tearDown()[pri:0, instance:com.webtoons.test.Main@4f933fd1]" name="tearDown" is-config="true" duration-ms="1101" started-at="2019-02-07T09:12:51Z" finished-at="2019-02-07T09:12:52Z">
          <reporter-output>
          </reporter-output>
        </test-method> <!-- tearDown -->
      </class> <!-- com.webtoons.test.Main -->
    </test> <!-- Default test -->
  </suite> <!-- Default suite -->
</testng-results>
