<?xml version="1.0" encoding="UTF-8"?>
<!-- Generated by org.testng.reporters.JUnitReportReporter -->
<testsuite skipped="0" hostname="AL01121234" name="com.webtoons.test.UpsideModules" tests="3" failures="0" timestamp="11 2월 2019 09:40:51 GMT" time="13.488" errors="0">
  <testcase name="mod3_upsideBackToHome" time="1.448" classname="com.webtoons.test.UpsideModules"/>
  <testcase name="mod1_upsideWordsCheck" time="1.937" classname="com.webtoons.test.UpsideModules"/>
  <testcase name="mod2_upsideWordsClick" time="10.103" classname="com.webtoons.test.UpsideModules"/>
</testsuite> <!-- com.webtoons.test.UpsideModules -->
