<?xml version="1.0" encoding="UTF-8"?>
<!-- Generated by org.testng.reporters.JUnitReportReporter -->
<testsuite skipped="0" hostname="AL01121234" name="com.webtoons.test.PopularByGenre" tests="3" failures="0" timestamp="11 2월 2019 09:40:51 GMT" time="107.170" errors="0">
  <testcase name="mod2_titleGenreColorCheck" time="1.304" classname="com.webtoons.test.PopularByGenre"/>
  <testcase name="mod1_titleCheck" time="0.131" classname="com.webtoons.test.PopularByGenre"/>
  <testcase name="mod3_detailsCheck" time="105.735" classname="com.webtoons.test.PopularByGenre"/>
</testsuite> <!-- com.webtoons.test.PopularByGenre -->
