<?xml version="1.0" encoding="UTF-8"?>
<!-- Generated by org.testng.reporters.JUnitReportReporter -->
<testsuite skipped="0" hostname="AL01121234" name="com.webtoons.test.WeeklyHotModules" tests="2" failures="0" timestamp="11 2월 2019 09:40:51 GMT" time="17.098" errors="0">
  <testcase name="mod2_titleGenreChange" time="17.016" classname="com.webtoons.test.WeeklyHotModules"/>
  <testcase name="mod1_titleCheck" time="0.082" classname="com.webtoons.test.WeeklyHotModules"/>
</testsuite> <!-- com.webtoons.test.WeeklyHotModules -->
