<?xml version="1.0" encoding="UTF-8"?>
<!-- Generated by org.testng.reporters.JUnitReportReporter -->
<testsuite skipped="0" hostname="AL01121234" name="com.webtoons.test.RecommendModules" tests="2" failures="0" timestamp="11 2월 2019 09:40:51 GMT" time="1.724" errors="0">
  <testcase name="mod2_recommendTitleCheck" time="0.085" classname="com.webtoons.test.RecommendModules"/>
  <testcase name="mod1_homeHighLightCheck" time="1.639" classname="com.webtoons.test.RecommendModules"/>
</testsuite> <!-- com.webtoons.test.RecommendModules -->
