<?xml version="1.0" encoding="UTF-8"?>
<!-- Generated by org.testng.reporters.JUnitReportReporter -->
<testsuite skipped="0" hostname="AL01121234" name="com.webtoons.test.UpsideModulesSub" tests="3" failures="0" timestamp="11 2월 2019 09:40:51 GMT" time="6.563" errors="0">
  <testcase name="mod3_othersBackToHome" time="3.387" classname="com.webtoons.test.UpsideModulesSub"/>
  <testcase name="mod2_othersOptionEventCheck" time="2.833" classname="com.webtoons.test.UpsideModulesSub"/>
  <testcase name="mod1_othersStartEventCheck" time="0.343" classname="com.webtoons.test.UpsideModulesSub"/>
</testsuite> <!-- com.webtoons.test.UpsideModulesSub -->
