<?xml version="1.0" encoding="UTF-8"?>
<!-- Generated by org.testng.reporters.JUnitReportReporter -->
<testsuite skipped="0" hostname="AL01121234" name="com.webtoons.test.OtherPageTest" tests="2" failures="0" timestamp="11 2월 2019 09:40:51 GMT" time="32.943" errors="0">
  <testcase name="mod1_detailInfoCheck" time="21.932" classname="com.webtoons.test.OtherPageTest"/>
  <testcase name="mod2_subNumPageConvertCheck" time="11.011" classname="com.webtoons.test.OtherPageTest"/>
</testsuite> <!-- com.webtoons.test.OtherPageTest -->
